
===== START 2026-04-05 01:18:53 =====

> frontend@0.0.0 dev
> vite --host 127.0.0.1 --port 5173


  [32m[1mVITE[22m v8.0.3[39m  [2mready in [0m[1m247[22m[2m[0m ms[22m

  [32m➜[39m  [1mLocal[22m:   [36mhttp://127.0.0.1:[1m5173[22m/[39m
===== STOP 2026-04-05 01:19:18 =====
[2m1:22:00 a. m.[22m [36m[1m[vite][22m[39m [90m[2m(client)[22m[39m [32mhmr update [39m[2m/src/App.tsx, /src/index.css[22m
[2m1:22:03 a. m.[22m [36m[1m[vite][22m[39m [90m[2m(client)[22m[39m [32mhmr update [39m[2m/src/index.css[22m
[2m1:22:03 a. m.[22m [36m[1m[vite][22m[39m [90m[2m(client)[22m[39m [32mhmr update [39m[2m/src/index.css, /src/App.tsx[22m
[2m1:22:03 a. m.[22m [36m[1m[vite][22m[39m [90m[2m(client)[22m[39m [32mhmr update [39m[2m/src/index.css, /src/components/terminal/ResultsCounter.tsx[22m
[2m1:22:03 a. m.[22m [36m[1m[vite][22m[39m [90m[2m(client)[22m[39m [32mhmr update [39m[2m/src/index.css, /src/components/terminal/SelectedTrackPanel.tsx[22m
[2m1:22:03 a. m.[22m [36m[1m[vite][22m[39m [32mvite.config.ts changed, restarting server...[39m
[2m1:22:03 a. m.[22m [36m[1m[vite][22m[39m [90m[2m(client)[22m[39m [32mhmr update [39m[2m/src/index.css, /src/components/terminal/SongsTable.tsx[22m
[2m1:22:03 a. m.[22m [36m[1m[vite][22m[39m [90m[2m(client)[22m[39m [32mhmr update [39m[2m/src/index.css, /src/components/terminal/SelectedTrackModal.tsx[22m
[2m1:22:03 a. m.[22m [36m[1m[vite][22m[39m [90m[2m(client)[22m[39m [32mhmr update [39m[2m/src/index.css, /src/App.tsx[22m
[2m1:22:03 a. m.[22m [36m[1m[vite][22m[39m server restarted.

===== START 2026-04-05 01:22:08 =====

> frontend@0.0.0 dev
> vite --host 127.0.0.1 --port 5173

Port 5173 is in use, trying another one...

  [32m[1mVITE[22m v8.0.3[39m  [2mready in [0m[1m263[22m[2m[0m ms[22m

  [32m➜[39m  [1mLocal[22m:   [36mhttp://127.0.0.1:[1m5174[22m/[39m

===== START 2026-04-05 01:24:09 =====

> frontend@0.0.0 dev
> vite --host 127.0.0.1 --port 5173

Port 5173 is in use, trying another one...
Port 5174 is in use, trying another one...

  [32m[1mVITE[22m v8.0.3[39m  [2mready in [0m[1m510[22m[2m[0m ms[22m

  [32m➜[39m  [1mLocal[22m:   [36mhttp://127.0.0.1:[1m5175[22m/[39m
===== STOP 2026-04-05 01:24:15 =====

===== START 2026-04-05 01:26:03 =====

  [32m[1mVITE[22m v8.0.3[39m  [2mready in [0m[1m483[22m[2m[0m ms[22m

  [32m➜[39m  [1mLocal[22m:   [36mhttp://127.0.0.1:[1m5173[22m/[39m

===== START 2026-04-05 01:26:13 =====

  [32m[1mVITE[22m v8.0.3[39m  [2mready in [0m[1m458[22m[2m[0m ms[22m

  [32m➜[39m  [1mLocal[22m:   [36mhttp://127.0.0.1:[1m5173[22m/[39m

===== START 2026-04-05 01:26:33 =====

  [32m[1mVITE[22m v8.0.3[39m  [2mready in [0m[1m435[22m[2m[0m ms[22m

  [32m➜[39m  [1mLocal[22m:   [36mhttp://127.0.0.1:[1m5173[22m/[39m
===== STOP 2026-04-05 01:26:37 =====

===== START 2026-04-05 01:26:53 =====

  [32m[1mVITE[22m v8.0.3[39m  [2mready in [0m[1m431[22m[2m[0m ms[22m

  [32m➜[39m  [1mLocal[22m:   [36mhttp://127.0.0.1:[1m5173[22m/[39m
===== STOP 2026-04-05 01:26:55 =====
===== STOP 2026-04-05 01:37:01 =====

===== START 2026-04-05 01:37:08 =====

  [32m[1mVITE[22m v8.0.3[39m  [2mready in [0m[1m467[22m[2m[0m ms[22m

  [32m➜[39m  [1mLocal[22m:   [36mhttp://127.0.0.1:[1m5173[22m/[39m
[2m1:38:01 a. m.[22m [36m[1m[vite][22m[39m [90m[2m(client)[22m[39m [32mhmr update [39m[2m/src/index.css, /src/App.tsx[22m
[2m1:38:09 a. m.[22m [36m[1m[vite][22m[39m [90m[2m(client)[22m[39m [32mhmr update [39m[2m/src/index.css, /src/App.tsx[22m
[2m1:38:15 a. m.[22m [36m[1m[vite][22m[39m [90m[2m(client)[22m[39m [32mhmr update [39m[2m/src/index.css, /src/components/terminal/TerminalHeader.tsx[22m
[2m1:38:20 a. m.[22m [36m[1m[vite][22m[39m [90m[2m(client)[22m[39m [32mhmr update [39m[2m/src/App.tsx, /src/index.css[22m
===== STOP 2026-04-05 01:39:28 =====

===== START 2026-04-05 01:40:29 =====

  [32m[1mVITE[22m v8.0.3[39m  [2mready in [0m[1m452[22m[2m[0m ms[22m

  [32m➜[39m  [1mLocal[22m:   [36mhttp://127.0.0.1:[1m5173[22m/[39m
[2m1:40:32 a. m.[22m [36m[1m[vite][22m[39m [90m[2m(client)[22m[39m [32mhmr update [39m[2m/src/App.tsx, /src/index.css[22m
[2m1:43:38 a. m.[22m [36m[1m[vite][22m[39m [90m[2m(client)[22m[39m [32mhmr update [39m[2m/src/App.tsx, /src/index.css[22m
[2m1:43:38 a. m.[22m [36m[1m[vite][22m[39m [90m[2m(client)[22m[39m [32mhmr update [39m[2m/src/index.css, /src/App.tsx[22m
[2m1:43:38 a. m.[22m [36m[1m[vite][22m[39m [90m[2m(client)[22m[39m [32mhmr update [39m[2m/src/index.css, /src/App.tsx[22m
[2m1:43:38 a. m.[22m [36m[1m[vite][22m[39m [90m[2m(client)[22m[39m [32mhmr update [39m[2m/src/index.css, /src/components/terminal/TerminalHeader.tsx[22m
[2m1:47:08 a. m.[22m [36m[1m[vite][22m[39m [90m[2m(client)[22m[39m [32mhmr update [39m[2m/src/index.css, /src/App.tsx[22m
===== STOP 2026-04-05 09:27:00 =====

===== START 2026-04-05 09:27:18 =====

  [32m[1mVITE[22m v8.0.3[39m  [2mready in [0m[1m546[22m[2m[0m ms[22m

  [32m➜[39m  [1mLocal[22m:   [36mhttp://127.0.0.1:[1m5173[22m/[39m
===== STOP 2026-04-05 09:32:02 =====

===== START 2026-04-05 09:32:07 =====

  [32m[1mVITE[22m v8.0.3[39m  [2mready in [0m[1m256[22m[2m[0m ms[22m

  [32m➜[39m  [1mLocal[22m:   [36mhttp://127.0.0.1:[1m5173[22m/[39m

===== START 2026-04-05 09:45:02 =====

  [32m[1mVITE[22m v8.0.3[39m  [2mready in [0m[1m291[22m[2m[0m ms[22m

  [32m➜[39m  [1mLocal[22m:   [36mhttp://127.0.0.1:[1m5173[22m/[39m
===== STOP 2026-04-05 09:45:34 =====
