
===== START 2026-04-05 01:18:52 =====

> backend-node@1.0.0 dev
> tsx index.ts

◇ injecting env (0) from .env // tip: ⌁ auth for agents [www.vestauth.com]
[server]: Node.js API Server is running at http://localhost:3000
===== STOP 2026-04-05 01:19:18 =====

===== START 2026-04-05 01:22:07 =====

> backend-node@1.0.0 dev
> tsx index.ts

◇ injecting env (0) from .env // tip: ◈ encrypted .env [www.dotenvx.com]
[server]: Node.js API Server is running at http://localhost:3000

===== START 2026-04-05 01:24:08 =====

> backend-node@1.0.0 dev
> tsx index.ts

◇ injecting env (0) from .env // tip: ⌘ multiple files { path: ['.env.local', '.env'] }
[server]: Node.js API Server is running at http://localhost:3000
===== STOP 2026-04-05 01:24:15 =====

===== START 2026-04-05 01:26:02 =====
◇ injecting env (0) from .env // tip: ◈ encrypted .env [www.dotenvx.com]
[server]: Node.js API Server is running at http://localhost:3000

===== START 2026-04-05 01:26:12 =====
◇ injecting env (0) from .env // tip: ⌘ enable debugging { debug: true }
[server]: Node.js API Server is running at http://localhost:3000

===== START 2026-04-05 01:26:32 =====
◇ injecting env (0) from .env // tip: ◈ encrypted .env [www.dotenvx.com]
[server]: Node.js API Server is running at http://localhost:3000
===== STOP 2026-04-05 01:26:37 =====

===== START 2026-04-05 01:26:52 =====
◇ injecting env (0) from .env // tip: ⌘ suppress logs { quiet: true }
[server]: Node.js API Server is running at http://localhost:3000
===== STOP 2026-04-05 01:26:55 =====
===== STOP 2026-04-05 01:37:01 =====

===== START 2026-04-05 01:37:07 =====
◇ injecting env (0) from .env // tip: ◈ encrypted .env [www.dotenvx.com]
[server]: Node.js API Server is running at http://localhost:3000
===== STOP 2026-04-05 01:39:28 =====

===== START 2026-04-05 01:40:29 =====
◇ injecting env (0) from .env // tip: ⌘ enable debugging { debug: true }
[server]: Node.js API Server is running at http://localhost:3000
===== STOP 2026-04-05 09:27:01 =====

===== START 2026-04-05 09:27:17 =====
◇ injecting env (0) from .env // tip: ◈ encrypted .env [www.dotenvx.com]
[server]: Node.js API Server is running at http://localhost:3000
===== STOP 2026-04-05 09:32:02 =====

===== START 2026-04-05 09:32:07 =====
◇ injecting env (0) from .env // tip: ◈ encrypted .env [www.dotenvx.com]
[server]: Node.js API Server is running at http://localhost:3000

===== START 2026-04-05 09:45:01 =====
◇ injecting env (0) from .env // tip: ⌘ multiple files { path: ['.env.local', '.env'] }
[server]: Node.js API Server is running at http://localhost:3000
===== STOP 2026-04-05 09:45:34 =====
